{"/Users/michaellee/Coding/boc-client/src/components/User_Profile/Profile.jsx": {"path":"/Users/michaellee/Coding/boc-client/src/components/User_Profile/Profile.jsx","statementMap":{"0":{"start":{"line":8,"column":16},"end":{"line":60,"column":1}},"1":{"start":{"line":10,"column":17},"end":{"line":10,"column":30}},"2":{"start":{"line":11,"column":26},"end":{"line":11,"column":36}},"3":{"start":{"line":13,"column":2},"end":{"line":17,"column":4}},"4":{"start":{"line":14,"column":4},"end":{"line":16,"column":5}},"5":{"start":{"line":15,"column":6},"end":{"line":15,"column":19}},"6":{"start":{"line":20,"column":30},"end":{"line":20,"column":45}},"7":{"start":{"line":23,"column":20},"end":{"line":25,"column":3}},"8":{"start":{"line":24,"column":4},"end":{"line":24,"column":20}},"9":{"start":{"line":28,"column":2},"end":{"line":58,"column":3}},"10":{"start":{"line":49,"column":56},"end":{"line":49,"column":70}}},"fnMap":{"0":{"name":"(anonymous_0)","decl":{"start":{"line":8,"column":16},"end":{"line":8,"column":17}},"loc":{"start":{"line":8,"column":27},"end":{"line":60,"column":1}},"line":8},"1":{"name":"(anonymous_1)","decl":{"start":{"line":13,"column":12},"end":{"line":13,"column":13}},"loc":{"start":{"line":13,"column":18},"end":{"line":17,"column":3}},"line":13},"2":{"name":"(anonymous_2)","decl":{"start":{"line":23,"column":20},"end":{"line":23,"column":21}},"loc":{"start":{"line":23,"column":26},"end":{"line":25,"column":3}},"line":23},"3":{"name":"(anonymous_3)","decl":{"start":{"line":49,"column":50},"end":{"line":49,"column":51}},"loc":{"start":{"line":49,"column":56},"end":{"line":49,"column":70}},"line":49}},"branchMap":{"0":{"loc":{"start":{"line":14,"column":4},"end":{"line":16,"column":5}},"type":"if","locations":[{"start":{"line":14,"column":4},"end":{"line":16,"column":5}},{"start":{},"end":{}}],"line":14},"1":{"loc":{"start":{"line":14,"column":8},"end":{"line":14,"column":70}},"type":"binary-expr","locations":[{"start":{"line":14,"column":8},"end":{"line":14,"column":34}},{"start":{"line":14,"column":38},"end":{"line":14,"column":70}}],"line":14}},"s":{"0":1,"1":1,"2":1,"3":1,"4":1,"5":0,"6":1,"7":1,"8":0,"9":1,"10":0},"f":{"0":1,"1":1,"2":0,"3":0},"b":{"0":[0,1],"1":[1,0]},"_coverageSchema":"1a1c01bbd47fc00a2c39e90264f33305004495a9","hash":"fa3a9cb958a3ef935c09f1ffdc80e245f2d06c5e"}
,"/Users/michaellee/Coding/boc-client/src/components/User_Profile/Providers.jsx": {"path":"/Users/michaellee/Coding/boc-client/src/components/User_Profile/Providers.jsx","statementMap":{"0":{"start":{"line":6,"column":18},"end":{"line":16,"column":1}},"1":{"start":{"line":8,"column":4},"end":{"line":14,"column":5}}},"fnMap":{"0":{"name":"(anonymous_0)","decl":{"start":{"line":6,"column":18},"end":{"line":6,"column":19}},"loc":{"start":{"line":6,"column":29},"end":{"line":16,"column":1}},"line":6}},"branchMap":{"0":{"loc":{"start":{"line":10,"column":9},"end":{"line":11,"column":172}},"type":"cond-expr","locations":[{"start":{"line":11,"column":8},"end":{"line":11,"column":96}},{"start":{"line":11,"column":99},"end":{"line":11,"column":172}}],"line":10}},"s":{"0":1,"1":22},"f":{"0":22},"b":{"0":[0,22]},"_coverageSchema":"1a1c01bbd47fc00a2c39e90264f33305004495a9","hash":"db942ac56072aca01df164e1adbba0b8e10be48d"}
,"/Users/michaellee/Coding/boc-client/src/components/User_Profile/Subscriptions.jsx": {"path":"/Users/michaellee/Coding/boc-client/src/components/User_Profile/Subscriptions.jsx","statementMap":{"0":{"start":{"line":6,"column":22},"end":{"line":35,"column":1}},"1":{"start":{"line":9,"column":15},"end":{"line":9,"column":17}},"2":{"start":{"line":11,"column":2},"end":{"line":18,"column":3}},"3":{"start":{"line":12,"column":4},"end":{"line":12,"column":49}},"4":{"start":{"line":13,"column":4},"end":{"line":17,"column":5}},"5":{"start":{"line":13,"column":17},"end":{"line":13,"column":18}},"6":{"start":{"line":14,"column":6},"end":{"line":16,"column":7}},"7":{"start":{"line":15,"column":8},"end":{"line":15,"column":31}},"8":{"start":{"line":20,"column":2},"end":{"line":22,"column":3}},"9":{"start":{"line":21,"column":4},"end":{"line":21,"column":47}},"10":{"start":{"line":24,"column":2},"end":{"line":33,"column":3}},"11":{"start":{"line":27,"column":8},"end":{"line":30,"column":14}}},"fnMap":{"0":{"name":"(anonymous_0)","decl":{"start":{"line":6,"column":22},"end":{"line":6,"column":23}},"loc":{"start":{"line":6,"column":33},"end":{"line":35,"column":1}},"line":6},"1":{"name":"(anonymous_1)","decl":{"start":{"line":26,"column":16},"end":{"line":26,"column":17}},"loc":{"start":{"line":27,"column":8},"end":{"line":30,"column":14}},"line":27}},"branchMap":{"0":{"loc":{"start":{"line":11,"column":2},"end":{"line":18,"column":3}},"type":"if","locations":[{"start":{"line":11,"column":2},"end":{"line":18,"column":3}},{"start":{},"end":{}}],"line":11},"1":{"loc":{"start":{"line":14,"column":6},"end":{"line":16,"column":7}},"type":"if","locations":[{"start":{"line":14,"column":6},"end":{"line":16,"column":7}},{"start":{},"end":{}}],"line":14},"2":{"loc":{"start":{"line":20,"column":2},"end":{"line":22,"column":3}},"type":"if","locations":[{"start":{"line":20,"column":2},"end":{"line":22,"column":3}},{"start":{},"end":{}}],"line":20}},"s":{"0":1,"1":2,"2":2,"3":1,"4":1,"5":1,"6":11,"7":0,"8":2,"9":2,"10":2,"11":2},"f":{"0":2,"1":2},"b":{"0":[1,1],"1":[0,11],"2":[2,0]},"_coverageSchema":"1a1c01bbd47fc00a2c39e90264f33305004495a9","hash":"7c00d8aa1ade5122570d03b2e7fc06b688e2def6"}
,"/Users/michaellee/Coding/boc-client/src/components/User_Profile/Update.jsx": {"path":"/Users/michaellee/Coding/boc-client/src/components/User_Profile/Update.jsx","statementMap":{"0":{"start":{"line":4,"column":15},"end":{"line":51,"column":1}},"1":{"start":{"line":7,"column":2},"end":{"line":9,"column":3}},"2":{"start":{"line":8,"column":4},"end":{"line":8,"column":48}},"3":{"start":{"line":11,"column":30},"end":{"line":24,"column":3}},"4":{"start":{"line":12,"column":18},"end":{"line":12,"column":20}},"5":{"start":{"line":13,"column":18},"end":{"line":13,"column":62}},"6":{"start":{"line":15,"column":4},"end":{"line":20,"column":5}},"7":{"start":{"line":15,"column":17},"end":{"line":15,"column":18}},"8":{"start":{"line":16,"column":6},"end":{"line":18,"column":7}},"9":{"start":{"line":17,"column":8},"end":{"line":17,"column":34}},"10":{"start":{"line":19,"column":6},"end":{"line":19,"column":49}},"11":{"start":{"line":22,"column":4},"end":{"line":22,"column":30}},"12":{"start":{"line":23,"column":4},"end":{"line":23,"column":17}},"13":{"start":{"line":26,"column":2},"end":{"line":28,"column":3}},"14":{"start":{"line":27,"column":4},"end":{"line":27,"column":16}},"15":{"start":{"line":30,"column":2},"end":{"line":50,"column":3}},"16":{"start":{"line":34,"column":60},"end":{"line":34,"column":72}},"17":{"start":{"line":39,"column":12},"end":{"line":39,"column":94}},"18":{"start":{"line":44,"column":67},"end":{"line":44,"column":88}}},"fnMap":{"0":{"name":"(anonymous_0)","decl":{"start":{"line":4,"column":15},"end":{"line":4,"column":16}},"loc":{"start":{"line":4,"column":26},"end":{"line":51,"column":1}},"line":4},"1":{"name":"(anonymous_1)","decl":{"start":{"line":11,"column":30},"end":{"line":11,"column":31}},"loc":{"start":{"line":11,"column":36},"end":{"line":24,"column":3}},"line":11},"2":{"name":"(anonymous_2)","decl":{"start":{"line":34,"column":55},"end":{"line":34,"column":56}},"loc":{"start":{"line":34,"column":60},"end":{"line":34,"column":72}},"line":34},"3":{"name":"(anonymous_3)","decl":{"start":{"line":38,"column":25},"end":{"line":38,"column":26}},"loc":{"start":{"line":39,"column":12},"end":{"line":39,"column":94}},"line":39},"4":{"name":"(anonymous_4)","decl":{"start":{"line":44,"column":61},"end":{"line":44,"column":62}},"loc":{"start":{"line":44,"column":67},"end":{"line":44,"column":88}},"line":44}},"branchMap":{"0":{"loc":{"start":{"line":7,"column":2},"end":{"line":9,"column":3}},"type":"if","locations":[{"start":{"line":7,"column":2},"end":{"line":9,"column":3}},{"start":{},"end":{}}],"line":7},"1":{"loc":{"start":{"line":16,"column":6},"end":{"line":18,"column":7}},"type":"if","locations":[{"start":{"line":16,"column":6},"end":{"line":18,"column":7}},{"start":{},"end":{}}],"line":16},"2":{"loc":{"start":{"line":26,"column":2},"end":{"line":28,"column":3}},"type":"if","locations":[{"start":{"line":26,"column":2},"end":{"line":28,"column":3}},{"start":{},"end":{}}],"line":26}},"s":{"0":1,"1":2,"2":1,"3":2,"4":0,"5":0,"6":0,"7":0,"8":0,"9":0,"10":0,"11":0,"12":0,"13":2,"14":1,"15":1,"16":0,"17":11,"18":0},"f":{"0":2,"1":0,"2":0,"3":11,"4":0},"b":{"0":[1,1],"1":[0,0],"2":[1,1]},"_coverageSchema":"1a1c01bbd47fc00a2c39e90264f33305004495a9","hash":"bb7ea74446c65091f3e17801532b97d4764fe1fb"}
,"/Users/michaellee/Coding/boc-client/tests/testData.js": {"path":"/Users/michaellee/Coding/boc-client/tests/testData.js","statementMap":{"0":{"start":{"line":1,"column":17},"end":{"line":32,"column":1}}},"fnMap":{},"branchMap":{},"s":{"0":1},"f":{},"b":{},"_coverageSchema":"1a1c01bbd47fc00a2c39e90264f33305004495a9","hash":"b936e85cff57fc9c2b0c002fae7348c1a8d6aec9"}
}
