TN:
SF:src/components/User_Profile/Profile.jsx
FN:8,(anonymous_0)
FN:13,(anonymous_1)
FN:23,(anonymous_2)
FN:49,(anonymous_3)
FNF:4
FNH:2
FNDA:1,(anonymous_0)
FNDA:1,(anonymous_1)
FNDA:0,(anonymous_2)
FNDA:0,(anonymous_3)
DA:8,1
DA:10,1
DA:11,1
DA:13,1
DA:14,1
DA:15,0
DA:20,1
DA:23,1
DA:24,0
DA:28,1
DA:49,0
LF:11
LH:8
BRDA:14,0,0,0
BRDA:14,0,1,1
BRDA:14,1,0,1
BRDA:14,1,1,0
BRF:4
BRH:2
end_of_record
TN:
SF:src/components/User_Profile/Providers.jsx
FN:6,(anonymous_0)
FNF:1
FNH:1
FNDA:22,(anonymous_0)
DA:6,1
DA:8,22
LF:2
LH:2
BRDA:10,0,0,0
BRDA:10,0,1,22
BRF:2
BRH:1
end_of_record
TN:
SF:src/components/User_Profile/Subscriptions.jsx
FN:6,(anonymous_0)
FN:26,(anonymous_1)
FNF:2
FNH:2
FNDA:2,(anonymous_0)
FNDA:2,(anonymous_1)
DA:6,1
DA:9,2
DA:11,2
DA:12,1
DA:13,1
DA:14,11
DA:15,0
DA:20,2
DA:21,2
DA:24,2
DA:27,2
LF:11
LH:10
BRDA:11,0,0,1
BRDA:11,0,1,1
BRDA:14,1,0,0
BRDA:14,1,1,11
BRDA:20,2,0,2
BRDA:20,2,1,0
BRF:6
BRH:4
end_of_record
TN:
SF:src/components/User_Profile/Update.jsx
FN:4,(anonymous_0)
FN:11,(anonymous_1)
FN:34,(anonymous_2)
FN:38,(anonymous_3)
FN:44,(anonymous_4)
FNF:5
FNH:2
FNDA:2,(anonymous_0)
FNDA:0,(anonymous_1)
FNDA:0,(anonymous_2)
FNDA:11,(anonymous_3)
FNDA:0,(anonymous_4)
DA:4,1
DA:7,2
DA:8,1
DA:11,2
DA:12,0
DA:13,0
DA:15,0
DA:16,0
DA:17,0
DA:19,0
DA:22,0
DA:23,0
DA:26,2
DA:27,1
DA:30,1
DA:34,0
DA:39,11
DA:44,0
LF:18
LH:8
BRDA:7,0,0,1
BRDA:7,0,1,1
BRDA:16,1,0,0
BRDA:16,1,1,0
BRDA:26,2,0,1
BRDA:26,2,1,1
BRF:6
BRH:4
end_of_record
TN:
SF:tests/testData.js
FNF:0
FNH:0
DA:1,1
LF:1
LH:1
BRF:0
BRH:0
end_of_record
